<?xml version="1.0" encoding="UTF-8"?>
<!-- Generated by org.testng.reporters.JUnitXMLReporter -->
<testsuite hostname="DESKTOP-PGP87JA" ignored="0" name="Test" tests="3" failures="2" timestamp="26 Jul 2020 12:42:23 GMT" time="37.168" errors="0">
  <testcase name="loginWithDifferentSetOfData" time="4.872" classname="testCases.Login_DataDriven"/>
  <testcase name="loginWithDifferentSetOfData" time="1.846" classname="testCases.Login_DataDriven">
    <failure type="java.lang.AssertionError" message="expected [true] but found [false]">
      <![CDATA[java.lang.AssertionError: expected [true] but found [false]
at testCases.Login_DataDriven.loginWithDifferentSetOfData(Login_DataDriven.java:33)
... Removed 29 stack frames]]>
    </failure>
  </testcase> <!-- loginWithDifferentSetOfData -->
  <testcase name="loginWithDifferentSetOfData" time="1.43" classname="testCases.Login_DataDriven">
    <failure type="java.lang.AssertionError" message="expected [true] but found [false]">
      <![CDATA[java.lang.AssertionError: expected [true] but found [false]
at testCases.Login_DataDriven.loginWithDifferentSetOfData(Login_DataDriven.java:33)
... Removed 29 stack frames]]>
    </failure>
  </testcase> <!-- loginWithDifferentSetOfData -->
</testsuite> <!-- Test -->
